<?xml version="1.0" encoding="UTF-8"?>
<testsuite name="lang.TestPrettyPrinting" tests="2" skipped="0" failures="0" errors="0" timestamp="2019-10-25T10:46:55" hostname="DESKTOP-HLQTRRR" time="0.008">
  <properties/>
  <testcase name="runTest[example.in]" classname="lang.TestPrettyPrinting" time="0.003"/>
  <testcase name="runTest[example2.in]" classname="lang.TestPrettyPrinting" time="0.005"/>
  <system-out><![CDATA[]]></system-out>
  <system-err><![CDATA[]]></system-err>
</testsuite>
